<?xml version="1.0" encoding="UTF-8"?>
<testsuite xmlns:xsi="http://www.w3.org/2001/XMLSchema-instance" xsi:noNamespaceSchemaLocation="https://maven.apache.org/surefire/maven-surefire-plugin/xsd/surefire-test-report-3.0.xsd" version="3.0" name="CartTest" time="0.285" tests="10" errors="0" skipped="0" failures="0">
  <properties>
[...]
</properties>
  <testcase name="shouldGetCorrectlyTheNAmountOfCheapestProducts" classname="CartTest" time="0.186"/>
  <testcase name="shouldApplyDefaultSortOrderDescendingPriceThenAlphabetical" classname="CartTest" time="0.002"/>
  <testcase name="shouldFindCheapestAndMostExpensiveProducts" classname="CartTest" time="0.005"/>
  <testcase name="shouldCalculateTotalCorrectlyForMultipleProducts" classname="CartTest" time="0.006"/>
  <testcase name="shouldHandleInvalidNValues" classname="CartTest" time="0.002"/>
  <testcase name="shouldHandleEmptyCartGracefully" classname="CartTest" time="0.004"/>
  <testcase name="shouldReturnZeroTotalForEmptyCart" classname="CartTest" time="0.003"/>
  <testcase name="shouldNotAddNullProductToCart" classname="CartTest" time="0.004"/>
  <testcase name="shouldSortProductsByPriceAndThenByName" classname="CartTest" time="0.002"/>
  <testcase name="shouldAcceptMoreProductsThanInitialCapacity" classname="CartTest" time="0.009"/>
</testsuite>